<?xml version="1.0" encoding="UTF-8"?>
<!-- Generated by org.testng.reporters.JUnitXMLReporter -->
<testsuite ignored="0" hostname="IE4LLTBZN4PQ2" failures="0" tests="3" name="Test" time="114.518" errors="0" timestamp="2022-09-03T12:53:45 IST">
  <testcase classname="swiggyAppTesting.SwiggyAppTest" name="changeLocation" time="16.137"/>
  <testcase classname="swiggyAppTesting.SwiggyAppTest" name="searchItemTest" time="22.779"/>
  <testcase classname="swiggyAppTesting.SwiggyAppTest" name="searchRestaurantTest" time="21.081"/>
</testsuite> <!-- Test -->
